<?xml version="1.0" encoding="UTF-8" ?>
<testsuite errors="0" skipped="0" tests="1" time="0.017" failures="0" name="tests.AppTest">
  <properties>
    <property value="Apple Computer, Inc." name="java.vendor"/>
    <property value="/Users/jdcasey/.m2/repository" name="localRepository"/>
    <property value="SUN_STANDARD" name="sun.java.launcher"/>
    <property value="a854b0" name="env.SECURITYSESSIONID"/>
    <property value="Mac OS X" name="os.name"/>
    <property value="/System/Library/Frameworks/JavaVM.framework/Versions/1.4.2/Classes/classes.jar:/System/Library/Frameworks/JavaVM.framework/Versions/1.4.2/Classes/ui.jar:/System/Library/Frameworks/JavaVM.framework/Versions/1.4.2/Classes/laf.jar:/System/Library/Frameworks/JavaVM.framework/Versions/1.4.2/Classes/sunrsasign.jar:/System/Library/Frameworks/JavaVM.framework/Versions/1.4.2/Classes/jsse.jar:/System/Library/Frameworks/JavaVM.framework/Versions/1.4.2/Classes/jce.jar:/System/Library/Frameworks/JavaVM.framework/Versions/1.4.2/Classes/charsets.jar" name="sun.boot.class.path"/>
    <property value="/Users/jdcasey/workspace/maven/core-integration-testing/mng-3530/src/test/resources/mng-3530-changedPathInterpolation/project" name="env.PWD"/>
    <property value="" name="sun.java2d.fontpath"/>
    <property value="Sun Microsystems Inc." name="java.vm.specification.vendor"/>
    <property value="1.4.2_16-b05-303" name="java.runtime.version"/>
    <property value="jdcasey" name="user.name"/>
    <property value="jdcasey" name="env.USER"/>
    <property value="/bin/bash" name="env.SHELL"/>
    <property value="0x1F5:0:0" name="env.__CF_USER_TEXT_ENCODING"/>
    <property value="true" name="awt.nativeDoubleBuffering"/>
    <property value="/Users/jdcasey/apps/maven/apache-maven-2.0.9/bin:/Users/jdcasey/bin:/Users/jdcasey/apps/amazonws/current-ec2/bin:/usr/local/bin:/usr/local/sbin:/sbin:/usr/sbin:/sw/bin:/sw/sbin:/usr/local/graphviz-2.14/bin:/bin:/sbin:/usr/bin:/usr/local/bin:/usr/sbin:/usr/X11R6/bin" name="env.PATH"/>
    <property value="en" name="user.language"/>
    <property value="/System/Library/Frameworks/JavaVM.framework/Versions/1.4.2/Libraries" name="sun.boot.library.path"/>
    <property value="/Users/jdcasey/apps/maven/apache-maven-2.0.9/bin/m2.conf" name="classworlds.conf"/>
    <property value="1.4.2_16" name="java.version"/>
    <property value="America/New_York" name="user.timezone"/>
    <property value="32" name="sun.arch.data.model"/>
    <property value="/Users/jdcasey/apps/amazonws/current-ec2" name="env.EC2_HOME"/>
    <property value="/System/Library/Frameworks/JavaVM.framework/Versions/1.4.2/Home/lib/endorsed" name="java.endorsed.dirs"/>
    <property value="" name="sun.cpu.isalist"/>
    <property value="sun.io" name="file.encoding.pkg"/>
    <property value="2" name="env.SHLVL"/>
    <property value="/" name="file.separator"/>
    <property value="Java Platform API Specification" name="java.specification.name"/>
    <property value="48.0" name="java.class.version"/>
    <property value="US" name="user.country"/>
    <property value="/System/Library/Frameworks/JavaVM.framework/Versions/1.4.2/Home" name="java.home"/>
    <property value="mixed mode" name="java.vm.info"/>
    <property value="2.0.9" name="env.MAVEN_VERSION"/>
    <property value="jdcasey" name="env.LOGNAME"/>
    <property value="10.4.11" name="os.version"/>
    <property value=":" name="path.separator"/>
    <property value="1.4.2-86" name="java.vm.version"/>
    <property value="java.util.prefs.MacOSXPreferencesFactory" name="java.util.prefs.PreferencesFactory"/>
    <property value="/System/Library/Frameworks/JavaVM.framework/Versions/1.4.2/Home" name="env.JAVA_HOME"/>
    <property value="apple.awt.CPrinterJob" name="java.awt.printerjob"/>
    <property value="linux" name="env.TERM"/>
    <property value="UnicodeLittle" name="sun.io.unicode.encoding"/>
    <property value="apple.awt.CToolkit" name="awt.toolkit"/>
    <property value="/usr/local/share/man:/usr/share/man:/sw/share/man:/usr/local/graphviz-2.14/share/man:/usr/X11R6/man:/sw/lib/perl5/5.8.6/man" name="env.MANPATH"/>
    <property value="/Users/jdcasey" name="user.home"/>
    <property value="Sun Microsystems Inc." name="java.specification.vendor"/>
    <property value="org.codehaus.classworlds.Launcher" name="env.JAVA_MAIN_CLASS_1404"/>
    <property value="iTerm.app" name="env.TERM_PROGRAM"/>
    <property value="/Users/jdcasey/.ec2/cert-LITFAREZRVZT2AQ6GFBVWKS22VHYCLDJ.pem" name="env.EC2_CERT"/>
    <property value="/Users/jdcasey/apps/maven/apache-maven-2.0.9" name="env.M2_HOME"/>
    <property value=".:/Library/Java/Extensions:/System/Library/Java/Extensions:/usr/lib/java" name="java.library.path"/>
    <property value="http://apple.com/" name="java.vendor.url"/>
    <property value="&quot;Apple Computer, Inc.&quot;" name="java.vm.vendor"/>
    <property value="false" name="gopherProxySet"/>
    <property value="/Users/jdcasey/.ec2/pk-LITFAREZRVZT2AQ6GFBVWKS22VHYCLDJ.pem" name="env.EC2_PRIVATE_KEY"/>
    <property value="/Users/jdcasey/apps/maven/apache-maven-2.0.9" name="maven.home"/>
    <property value="Java(TM) 2 Runtime Environment, Standard Edition" name="java.runtime.name"/>
    <property value="/Users/jdcasey/apps/maven/apache-maven-2.0.9/boot/classworlds-1.1.jar" name="java.class.path"/>
    <property value="ssh" name="env.CVS_RSH"/>
    <property value="Java Virtual Machine Specification" name="java.vm.specification.name"/>
    <property value="1.0" name="java.vm.specification.version"/>
    <property value="little" name="sun.cpu.endian"/>
    <property value="unknown" name="sun.os.patch.level"/>
    <property value="/Users/jdcasey" name="env.HOME"/>
    <property value="/Users/jdcasey/workspace/maven/core-integration-testing/mng-3530/src/test/resources/mng-3530-changedPathInterpolation/project/target/test-classes:/Users/jdcasey/workspace/maven/core-integration-testing/mng-3530/src/test/resources/mng-3530-changedPathInterpolation/project/target/classes:/Users/jdcasey/.m2/repository/junit/junit/3.8.1/junit-3.8.1.jar:" name="surefire.test.class.path"/>
    <property value="/tmp" name="java.io.tmpdir"/>
    <property value="http://developer.apple.com/java/" name="java.vendor.url.bug"/>
    <property value="i386" name="os.arch"/>
    <property value="apple.awt.CGraphicsEnvironment" name="java.awt.graphicsenv"/>
    <property value="/Library/Java/Extensions:/System/Library/Java/Extensions:/System/Library/Frameworks/JavaVM.framework/Versions/1.4.2/Home/lib/ext" name="java.ext.dirs"/>
    <property value="/sw/lib/perl5:/sw/lib/perl5/darwin" name="env.PERL5LIB"/>
    <property value="/Users/jdcasey/workspace/maven/core-integration-testing/mng-3530/src/test/resources/mng-3530-changedPathInterpolation/project" name="user.dir"/>
    <property value="b05-303" name="mrj.version"/>
    <property value="/sw/share/info:/sw/info:/usr/share/info" name="env.INFOPATH"/>
    <property value="
" name="line.separator"/>
    <property value="Java HotSpot(TM) Client VM" name="java.vm.name"/>
    <property value="/Users/jdcasey/workspace/maven/core-integration-testing/mng-3530/src/test/resources/mng-3530-changedPathInterpolation/project" name="basedir"/>
    <property value="MacRoman" name="file.encoding"/>
    <property value="1.4" name="java.specification.version"/>
  </properties>
  <testcase classname="tests.AppTest" time="0.002" name="testApp"/>
</testsuite>